# JRE version: OpenJDK Runtime Environment (8.0_152-b01) (build 1.8.0_152-release-1024-b01)
# Java VM: OpenJDK 64-Bit Server VM (25.152-b01 mixed mode linux-amd64 compressed oops)
Heap:
 PSYoungGen      total 198144K, used 0K [0x00000000e0000000, 0x00000000f0580000, 0x0000000100000000)
  eden space 176640K, 0% used [0x00000000e0000000,0x00000000e0000000,0x00000000eac80000)
  from space 21504K, 0% used [0x00000000ef080000,0x00000000ef080000,0x00000000f0580000)
  to   space 26624K, 0% used [0x00000000ed180000,0x00000000ed180000,0x00000000eeb80000)
 ParOldGen       total 80896K, used 69294K [0x00000000a0000000, 0x00000000a4f00000, 0x00000000e0000000)
  object space 80896K, 85% used [0x00000000a0000000,0x00000000a43aba90,0x00000000a4f00000)
 Metaspace       used 79026K, capacity 82038K, committed 82392K, reserved 1120256K
  class space    used 10156K, capacity 10904K, committed 11008K, reserved 1048576K
GC Heap History (10 events):
Event: 233.673 GC heap after
Heap after GC invocations=17 (full 3):
 PSYoungGen      total 213504K, used 13812K [0x00000000e0000000, 0x00000000ee500000, 0x0000000100000000)
  eden space 199680K, 0% used [0x00000000e0000000,0x00000000e0000000,0x00000000ec300000)
  from space 13824K, 99% used [0x00000000ed700000,0x00000000ee47d0f0,0x00000000ee480000)
  to   space 17408K, 0% used [0x00000000ec300000,0x00000000ec300000,0x00000000ed400000)
 ParOldGen       total 80896K, used 37245K [0x00000000a0000000, 0x00000000a4f00000, 0x00000000e0000000)
  object space 80896K, 46% used [0x00000000a0000000,0x00000000a245f430,0x00000000a4f00000)
 Metaspace       used 64346K, capacity 66704K, committed 66776K, reserved 1107968K
  class space    used 8578K, capacity 9166K, committed 9216K, reserved 1048576K
}
Event: 256.108 GC heap before
{Heap before GC invocations=18 (full 3):
 PSYoungGen      total 213504K, used 213492K [0x00000000e0000000, 0x00000000ee500000, 0x0000000100000000)
  eden space 199680K, 100% used [0x00000000e0000000,0x00000000ec300000,0x00000000ec300000)
  from space 13824K, 99% used [0x00000000ed700000,0x00000000ee47d0f0,0x00000000ee480000)
  to   space 17408K, 0% used [0x00000000ec300000,0x00000000ec300000,0x00000000ed400000)
 ParOldGen       total 80896K, used 37245K [0x00000000a0000000, 0x00000000a4f00000, 0x00000000e0000000)
  object space 80896K, 46% used [0x00000000a0000000,0x00000000a245f430,0x00000000a4f00000)
 Metaspace       used 69685K, capacity 72358K, committed 72664K, reserved 1112064K
  class space    used 9201K, capacity 9864K, committed 9984K, reserved 1048576K
Event: 256.198 GC heap after
Heap after GC invocations=18 (full 3):
 PSYoungGen      total 217088K, used 16340K [0x00000000e0000000, 0x00000000f1880000, 0x0000000100000000)
  eden space 199680K, 0% used [0x00000000e0000000,0x00000000e0000000,0x00000000ec300000)
  from space 17408K, 93% used [0x00000000ec300000,0x00000000ed2f53a8,0x00000000ed400000)
  to   space 19968K, 0% used [0x00000000f0500000,0x00000000f0500000,0x00000000f1880000)
 ParOldGen       total 80896K, used 50253K [0x00000000a0000000, 0x00000000a4f00000, 0x00000000e0000000)
  object space 80896K, 62% used [0x00000000a0000000,0x00000000a31135c0,0x00000000a4f00000)
 Metaspace       used 69685K, capacity 72358K, committed 72664K, reserved 1112064K
  class space    used 9201K, capacity 9864K, committed 9984K, reserved 1048576K
}
Event: 481.456 GC heap before
{Heap before GC invocations=19 (full 3):
 PSYoungGen      total 217088K, used 216020K [0x00000000e0000000, 0x00000000f1880000, 0x0000000100000000)
  eden space 199680K, 100% used [0x00000000e0000000,0x00000000ec300000,0x00000000ec300000)
  from space 17408K, 93% used [0x00000000ec300000,0x00000000ed2f53a8,0x00000000ed400000)
  to   space 19968K, 0% used [0x00000000f0500000,0x00000000f0500000,0x00000000f1880000)
 ParOldGen       total 80896K, used 50253K [0x00000000a0000000, 0x00000000a4f00000, 0x00000000e0000000)
  object space 80896K, 62% used [0x00000000a0000000,0x00000000a31135c0,0x00000000a4f00000)
 Metaspace       used 72605K, capacity 75462K, committed 75736K, reserved 1114112K
  class space    used 9457K, capacity 10152K, committed 10240K, reserved 1048576K
Event: 481.519 GC heap after
Heap after GC invocations=19 (full 3):
 PSYoungGen      total 211456K, used 19958K [0x00000000e0000000, 0x00000000f1880000, 0x0000000100000000)
  eden space 191488K, 0% used [0x00000000e0000000,0x00000000e0000000,0x00000000ebb00000)
  from space 19968K, 99% used [0x00000000f0500000,0x00000000f187db20,0x00000000f1880000)
  to   space 23552K, 0% used [0x00000000eea80000,0x00000000eea80000,0x00000000f0180000)
 ParOldGen       total 80896K, used 51879K [0x00000000a0000000, 0x00000000a4f00000, 0x00000000e0000000)
  object space 80896K, 64% used [0x00000000a0000000,0x00000000a32a9f00,0x00000000a4f00000)
 Metaspace       used 72605K, capacity 75462K, committed 75736K, reserved 1114112K
  class space    used 9457K, capacity 10152K, committed 10240K, reserved 1048576K
}
Event: 558.285 GC heap before
{Heap before GC invocations=20 (full 3):
 PSYoungGen      total 211456K, used 211446K [0x00000000e0000000, 0x00000000f1880000, 0x0000000100000000)
  eden space 191488K, 100% used [0x00000000e0000000,0x00000000ebb00000,0x00000000ebb00000)
  from space 19968K, 99% used [0x00000000f0500000,0x00000000f187db20,0x00000000f1880000)
  to   space 23552K, 0% used [0x00000000eea80000,0x00000000eea80000,0x00000000f0180000)
 ParOldGen       total 80896K, used 51879K [0x00000000a0000000, 0x00000000a4f00000, 0x00000000e0000000)
  object space 80896K, 64% used [0x00000000a0000000,0x00000000a32a9f00,0x00000000a4f00000)
 Metaspace       used 73291K, capacity 76244K, committed 76376K, reserved 1116160K
  class space    used 9519K, capacity 10241K, committed 10368K, reserved 1048576K
Event: 558.362 GC heap after
Heap after GC invocations=20 (full 3):
 PSYoungGen      total 189952K, used 5744K [0x00000000e0000000, 0x00000000f0580000, 0x0000000100000000)
  eden space 183808K, 0% used [0x00000000e0000000,0x00000000e0000000,0x00000000eb380000)
  from space 6144K, 93% used [0x00000000eea80000,0x00000000ef01c030,0x00000000ef080000)
  to   space 21504K, 0% used [0x00000000ef080000,0x00000000ef080000,0x00000000f0580000)
 ParOldGen       total 80896K, used 66232K [0x00000000a0000000, 0x00000000a4f00000, 0x00000000e0000000)
  object space 80896K, 81% used [0x00000000a0000000,0x00000000a40ae048,0x00000000a4f00000)
 Metaspace       used 73291K, capacity 76244K, committed 76376K, reserved 1116160K
  class space    used 9519K, capacity 10241K, committed 10368K, reserved 1048576K
}
Event: 969.000 GC heap before
{Heap before GC invocations=21 (full 3):
 PSYoungGen      total 189952K, used 189552K [0x00000000e0000000, 0x00000000f0580000, 0x0000000100000000)
  eden space 183808K, 100% used [0x00000000e0000000,0x00000000eb380000,0x00000000eb380000)
  from space 6144K, 93% used [0x00000000eea80000,0x00000000ef01c030,0x00000000ef080000)
  to   space 21504K, 0% used [0x00000000ef080000,0x00000000ef080000,0x00000000f0580000)
 ParOldGen       total 80896K, used 66232K [0x00000000a0000000, 0x00000000a4f00000, 0x00000000e0000000)
  object space 80896K, 81% used [0x00000000a0000000,0x00000000a40ae048,0x00000000a4f00000)
 Metaspace       used 79056K, capacity 82158K, committed 82392K, reserved 1120256K
  class space    used 10165K, capacity 10944K, committed 11008K, reserved 1048576K
Event: 969.057 GC heap after
Heap after GC invocations=21 (full 3):
 PSYoungGen      total 198144K, used 21483K [0x00000000e0000000, 0x00000000f0580000, 0x0000000100000000)
  eden space 176640K, 0% used [0x00000000e0000000,0x00000000e0000000,0x00000000eac80000)
  from space 21504K, 99% used [0x00000000ef080000,0x00000000f057ac90,0x00000000f0580000)
  to   space 26624K, 0% used [0x00000000ed180000,0x00000000ed180000,0x00000000eeb80000)
 ParOldGen       total 80896K, used 68558K [0x00000000a0000000, 0x00000000a4f00000, 0x00000000e0000000)
  object space 80896K, 84% used [0x00000000a0000000,0x00000000a42f3938,0x00000000a4f00000)
 Metaspace       used 79056K, capacity 82158K, committed 82392K, reserved 1120256K
  class space    used 10165K, capacity 10944K, committed 11008K, reserved 1048576K
}
Event: 969.057 GC heap before
{Heap before GC invocations=22 (full 4):
 PSYoungGen      total 198144K, used 21483K [0x00000000e0000000, 0x00000000f0580000, 0x0000000100000000)
  eden space 176640K, 0% used [0x00000000e0000000,0x00000000e0000000,0x00000000eac80000)
  from space 21504K, 99% used [0x00000000ef080000,0x00000000f057ac90,0x00000000f0580000)
  to   space 26624K, 0% used [0x00000000ed180000,0x00000000ed180000,0x00000000eeb80000)
 ParOldGen       total 80896K, used 68558K [0x00000000a0000000, 0x00000000a4f00000, 0x00000000e0000000)
  object space 80896K, 84% used [0x00000000a0000000,0x00000000a42f3938,0x00000000a4f00000)
 Metaspace       used 79056K, capacity 82158K, committed 82392K, reserved 1120256K
  class space    used 10165K, capacity 10944K, committed 11008K, reserved 1048576K

